app/build/intermediates/manifest_merge_blame_file/debug/manifest-merger-blame-debug-report.txt
1<?xml version="1.0" encoding="utf-8"?>
2<manifest xmlns:android="http://schemas.android.com/apk/res/android"
3    package="com.enalymounioz.albedo"
4    android:versionCode="1"
5    android:versionName="1.0" >
6
7    <uses-sdk
8        android:minSdkVersion="21"
8-->src\main\AndroidManifest.xml
9        android:targetSdkVersion="32" />
9-->src\main\AndroidManifest.xml
10
11    <uses-permission android:name="android.permission.INTERNET" />
11-->src\main\AndroidManifest.xml:5:5-67
11-->src\main\AndroidManifest.xml:5:22-64
12    <uses-permission android:name="android.permission.ACCESS_NETWORK_STATE" />
12-->src\main\AndroidManifest.xml:6:5-79
12-->src\main\AndroidManifest.xml:6:22-76
13    <uses-permission android:name="android.permission.READ_EXTERNAL_STORAGE" />
13-->src\main\AndroidManifest.xml:7:5-80
13-->src\main\AndroidManifest.xml:7:22-77
14    <uses-permission android:name="android.permission.POST_NOTIFICATIONS" />
14-->[com.google.firebase:firebase-messaging:23.1.1] AndroidManifest.xml:25:5-77
14-->[com.google.firebase:firebase-messaging:23.1.1] AndroidManifest.xml:25:22-74
15    <uses-permission android:name="android.permission.WAKE_LOCK" /> <!-- Required by older versions of Google Play services to create IID tokens -->
15-->[com.google.firebase:firebase-messaging:23.1.1] AndroidManifest.xml:26:5-68
15-->[com.google.firebase:firebase-messaging:23.1.1] AndroidManifest.xml:26:22-65
16    <uses-permission android:name="com.google.android.c2dm.permission.RECEIVE" />
16-->[com.google.firebase:firebase-messaging:23.1.1] AndroidManifest.xml:28:5-82
16-->[com.google.firebase:firebase-messaging:23.1.1] AndroidManifest.xml:28:22-79
17
18    <application
18-->src\main\AndroidManifest.xml:9:5-115:19
19        android:allowBackup="true"
19-->src\main\AndroidManifest.xml:10:9-35
20        android:appComponentFactory="androidx.core.app.CoreComponentFactory"
20-->[androidx.core:core:1.8.0] AndroidManifest.xml:24:18-86
21        android:dataExtractionRules="@xml/data_extraction_rules"
21-->src\main\AndroidManifest.xml:11:9-65
22        android:debuggable="true"
23        android:fullBackupContent="@xml/backup_rules"
23-->src\main\AndroidManifest.xml:12:9-54
24        android:icon="@mipmap/ic_launcher"
24-->src\main\AndroidManifest.xml:13:9-43
25        android:label="@string/app_name"
25-->src\main\AndroidManifest.xml:14:9-41
26        android:roundIcon="@mipmap/ic_launcher_round"
26-->src\main\AndroidManifest.xml:15:9-54
27        android:supportsRtl="true"
27-->src\main\AndroidManifest.xml:16:9-35
28        android:testOnly="true"
29        android:theme="@style/Theme.Albedo" >
29-->src\main\AndroidManifest.xml:17:9-44
30
31        <!--
32    Set custom default icon. This is used when no icon is set for incoming notification messages.
33    See README(https://goo.gl/l4GJaQ) for more.
34        -->
35        <meta-data
35-->src\main\AndroidManifest.xml:22:9-24:68
36            android:name="com.google.firebase.messaging.default_notification_icon"
36-->src\main\AndroidManifest.xml:23:13-83
37            android:resource="@drawable/ic_stat_ic_notification" />
37-->src\main\AndroidManifest.xml:24:13-65
38        <!--
39             Set color used with incoming notification messages. This is used when no color is set for the incoming
40             notification message. See README(https://goo.gl/6BKBk7) for more.
41        -->
42        <meta-data
42-->src\main\AndroidManifest.xml:27:9-29:53
43            android:name="com.google.firebase.messaging.default_notification_color"
43-->src\main\AndroidManifest.xml:28:13-84
44            android:resource="@color/colorAccent" />
44-->src\main\AndroidManifest.xml:29:13-50
45        <meta-data
45-->src\main\AndroidManifest.xml:31:9-33:68
46            android:name="com.google.firebase.messaging.default_notification_channel_id"
46-->src\main\AndroidManifest.xml:32:13-89
47            android:value="@string/default_notification_channel" />
47-->src\main\AndroidManifest.xml:33:13-65
48
49        <activity
49-->src\main\AndroidManifest.xml:34:9-38:62
50            android:name="com.enalymounioz.albedo.activities.CardDetailsActivity"
50-->src\main\AndroidManifest.xml:35:13-59
51            android:exported="false"
51-->src\main\AndroidManifest.xml:36:13-37
52            android:screenOrientation="portrait"
52-->src\main\AndroidManifest.xml:37:13-49
53            android:theme="@style/Theme.Albedo.NoActionBar" />
53-->src\main\AndroidManifest.xml:38:13-60
54        <activity
54-->src\main\AndroidManifest.xml:40:9-44:63
55            android:name="com.enalymounioz.albedo.activities.MembersActivity"
55-->src\main\AndroidManifest.xml:41:13-55
56            android:exported="false"
56-->src\main\AndroidManifest.xml:42:13-37
57            android:screenOrientation="portrait"
57-->src\main\AndroidManifest.xml:43:13-49
58            android:theme="@style/Theme.Albedo.NoActionBar" />
58-->src\main\AndroidManifest.xml:44:13-60
59        <activity
59-->src\main\AndroidManifest.xml:45:9-49:63
60            android:name="com.enalymounioz.albedo.activities.TaskListActivity"
60-->src\main\AndroidManifest.xml:46:13-56
61            android:exported="false"
61-->src\main\AndroidManifest.xml:47:13-37
62            android:screenOrientation="portrait"
62-->src\main\AndroidManifest.xml:48:13-49
63            android:theme="@style/Theme.Albedo.NoActionBar" />
63-->src\main\AndroidManifest.xml:49:13-60
64        <activity
64-->src\main\AndroidManifest.xml:50:9-54:63
65            android:name="com.enalymounioz.albedo.activities.CreateBoardActivity"
65-->src\main\AndroidManifest.xml:51:13-59
66            android:exported="false"
66-->src\main\AndroidManifest.xml:52:13-37
67            android:screenOrientation="portrait"
67-->src\main\AndroidManifest.xml:53:13-49
68            android:theme="@style/Theme.Albedo.NoActionBar" />
68-->src\main\AndroidManifest.xml:54:13-60
69        <activity
69-->src\main\AndroidManifest.xml:55:9-63:20
70            android:name="com.enalymounioz.albedo.activities.BaseActivity"
70-->src\main\AndroidManifest.xml:56:13-52
71            android:exported="false"
71-->src\main\AndroidManifest.xml:57:13-37
72            android:screenOrientation="portrait"
72-->src\main\AndroidManifest.xml:58:13-49
73            android:theme="@style/Theme.Albedo.NoActionBar" >
73-->src\main\AndroidManifest.xml:59:13-60
74            <meta-data
74-->src\main\AndroidManifest.xml:60:13-62:36
75                android:name="android.app.lib_name"
75-->src\main\AndroidManifest.xml:61:17-52
76                android:value="" />
76-->src\main\AndroidManifest.xml:62:17-33
77        </activity>
78        <activity
78-->src\main\AndroidManifest.xml:64:9-68:63
79            android:name="com.enalymounioz.albedo.activities.MyProfileActivity"
79-->src\main\AndroidManifest.xml:65:13-57
80            android:exported="false"
80-->src\main\AndroidManifest.xml:66:13-37
81            android:screenOrientation="portrait"
81-->src\main\AndroidManifest.xml:67:13-49
82            android:theme="@style/Theme.Albedo.NoActionBar" />
82-->src\main\AndroidManifest.xml:68:13-60
83        <activity
83-->src\main\AndroidManifest.xml:69:9-73:63
84            android:name="com.enalymounioz.albedo.activities.SignInActivity"
84-->src\main\AndroidManifest.xml:70:13-54
85            android:exported="false"
85-->src\main\AndroidManifest.xml:71:13-37
86            android:screenOrientation="portrait"
86-->src\main\AndroidManifest.xml:72:13-49
87            android:theme="@style/Theme.Albedo.NoActionBar" />
87-->src\main\AndroidManifest.xml:73:13-60
88        <activity
88-->src\main\AndroidManifest.xml:74:9-78:63
89            android:name="com.enalymounioz.albedo.activities.SignUpActivity"
89-->src\main\AndroidManifest.xml:75:13-54
90            android:exported="false"
90-->src\main\AndroidManifest.xml:76:13-37
91            android:screenOrientation="portrait"
91-->src\main\AndroidManifest.xml:77:13-49
92            android:theme="@style/Theme.Albedo.NoActionBar" />
92-->src\main\AndroidManifest.xml:78:13-60
93        <activity
93-->src\main\AndroidManifest.xml:79:9-83:63
94            android:name="com.enalymounioz.albedo.activities.IntroActivity"
94-->src\main\AndroidManifest.xml:80:13-53
95            android:exported="false"
95-->src\main\AndroidManifest.xml:81:13-37
96            android:screenOrientation="portrait"
96-->src\main\AndroidManifest.xml:82:13-49
97            android:theme="@style/Theme.Albedo.NoActionBar" />
97-->src\main\AndroidManifest.xml:83:13-60
98        <activity
98-->src\main\AndroidManifest.xml:84:9-93:20
99            android:name="com.enalymounioz.albedo.activities.SplashActivity"
99-->src\main\AndroidManifest.xml:85:13-54
100            android:exported="true"
100-->src\main\AndroidManifest.xml:86:13-36
101            android:screenOrientation="portrait"
101-->src\main\AndroidManifest.xml:87:13-49
102            android:theme="@style/Theme.Albedo.NoActionBar" >
102-->src\main\AndroidManifest.xml:88:13-60
103            <intent-filter>
103-->src\main\AndroidManifest.xml:89:13-92:29
104                <action android:name="android.intent.action.MAIN" />
104-->src\main\AndroidManifest.xml:90:17-69
104-->src\main\AndroidManifest.xml:90:25-66
105
106                <category android:name="android.intent.category.LAUNCHER" />
106-->src\main\AndroidManifest.xml:91:17-77
106-->src\main\AndroidManifest.xml:91:27-74
107            </intent-filter>
108        </activity>
109        <activity
109-->src\main\AndroidManifest.xml:94:9-102:20
110            android:name="com.enalymounioz.albedo.activities.MainActivity"
110-->src\main\AndroidManifest.xml:95:13-52
111            android:exported="true"
111-->src\main\AndroidManifest.xml:96:13-36
112            android:screenOrientation="portrait"
112-->src\main\AndroidManifest.xml:97:13-49
113            android:theme="@style/Theme.Albedo.NoActionBar" >
113-->src\main\AndroidManifest.xml:98:13-60
114            <meta-data
114-->src\main\AndroidManifest.xml:60:13-62:36
115                android:name="android.app.lib_name"
115-->src\main\AndroidManifest.xml:61:17-52
116                android:value="" />
116-->src\main\AndroidManifest.xml:62:17-33
117        </activity>
118
119        <meta-data
119-->src\main\AndroidManifest.xml:104:9-106:57
120            android:name="preloaded_fonts"
120-->src\main\AndroidManifest.xml:105:13-43
121            android:resource="@array/preloaded_fonts" />
121-->src\main\AndroidManifest.xml:106:13-54
122
123        <service
123-->src\main\AndroidManifest.xml:108:9-114:19
124            android:name="com.enalymounioz.albedo.fcm.MyFirebaseMessagingService"
124-->src\main\AndroidManifest.xml:109:13-59
125            android:exported="true" >
125-->src\main\AndroidManifest.xml:110:13-36
126            <intent-filter>
126-->src\main\AndroidManifest.xml:111:13-113:29
127                <action android:name="com.google.firebase.INSTANCE_ID_EVENT" />
127-->src\main\AndroidManifest.xml:112:17-79
127-->src\main\AndroidManifest.xml:112:25-77
128            </intent-filter>
129        </service>
130        <service
130-->[com.google.firebase:firebase-firestore-ktx:24.4.1] AndroidManifest.xml:11:9-17:19
131            android:name="com.google.firebase.components.ComponentDiscoveryService"
131-->[com.google.firebase:firebase-firestore-ktx:24.4.1] AndroidManifest.xml:12:13-84
132            android:directBootAware="true"
132-->[com.google.firebase:firebase-common:20.2.0] AndroidManifest.xml:34:13-43
133            android:exported="false" >
133-->[com.google.firebase:firebase-firestore-ktx:24.4.1] AndroidManifest.xml:13:13-37
134            <meta-data
134-->[com.google.firebase:firebase-firestore-ktx:24.4.1] AndroidManifest.xml:14:13-16:85
135                android:name="com.google.firebase.components:com.google.firebase.firestore.ktx.FirebaseFirestoreKtxRegistrar"
135-->[com.google.firebase:firebase-firestore-ktx:24.4.1] AndroidManifest.xml:15:17-126
136                android:value="com.google.firebase.components.ComponentRegistrar" />
136-->[com.google.firebase:firebase-firestore-ktx:24.4.1] AndroidManifest.xml:16:17-82
137            <meta-data
137-->[com.google.firebase:firebase-storage-ktx:20.1.0] AndroidManifest.xml:14:13-16:85
138                android:name="com.google.firebase.components:com.google.firebase.storage.ktx.FirebaseStorageKtxRegistrar"
138-->[com.google.firebase:firebase-storage-ktx:20.1.0] AndroidManifest.xml:15:17-122
139                android:value="com.google.firebase.components.ComponentRegistrar" />
139-->[com.google.firebase:firebase-storage-ktx:20.1.0] AndroidManifest.xml:16:17-82
140            <meta-data
140-->[com.google.firebase:firebase-messaging-ktx:23.1.1] AndroidManifest.xml:28:13-30:85
141                android:name="com.google.firebase.components:com.google.firebase.messaging.ktx.FirebaseMessagingKtxRegistrar"
141-->[com.google.firebase:firebase-messaging-ktx:23.1.1] AndroidManifest.xml:29:17-126
142                android:value="com.google.firebase.components.ComponentRegistrar" />
142-->[com.google.firebase:firebase-messaging-ktx:23.1.1] AndroidManifest.xml:30:17-82
143            <meta-data
143-->[com.google.firebase:firebase-common-ktx:20.2.0] AndroidManifest.xml:14:13-16:85
144                android:name="com.google.firebase.components:com.google.firebase.ktx.FirebaseCommonKtxRegistrar"
144-->[com.google.firebase:firebase-common-ktx:20.2.0] AndroidManifest.xml:15:17-113
145                android:value="com.google.firebase.components.ComponentRegistrar" />
145-->[com.google.firebase:firebase-common-ktx:20.2.0] AndroidManifest.xml:16:17-82
146            <meta-data
146-->[com.google.firebase:firebase-auth:21.1.0] AndroidManifest.xml:67:13-69:85
147                android:name="com.google.firebase.components:com.google.firebase.auth.FirebaseAuthRegistrar"
147-->[com.google.firebase:firebase-auth:21.1.0] AndroidManifest.xml:68:17-109
148                android:value="com.google.firebase.components.ComponentRegistrar" />
148-->[com.google.firebase:firebase-auth:21.1.0] AndroidManifest.xml:69:17-82
149            <meta-data
149-->[com.google.firebase:firebase-firestore:24.4.1] AndroidManifest.xml:19:13-21:85
150                android:name="com.google.firebase.components:com.google.firebase.firestore.FirestoreRegistrar"
150-->[com.google.firebase:firebase-firestore:24.4.1] AndroidManifest.xml:20:17-111
151                android:value="com.google.firebase.components.ComponentRegistrar" />
151-->[com.google.firebase:firebase-firestore:24.4.1] AndroidManifest.xml:21:17-82
152            <meta-data
152-->[com.google.firebase:firebase-storage:20.1.0] AndroidManifest.xml:32:13-34:85
153                android:name="com.google.firebase.components:com.google.firebase.storage.StorageRegistrar"
153-->[com.google.firebase:firebase-storage:20.1.0] AndroidManifest.xml:33:17-107
154                android:value="com.google.firebase.components.ComponentRegistrar" />
154-->[com.google.firebase:firebase-storage:20.1.0] AndroidManifest.xml:34:17-82
155            <meta-data
155-->[com.google.firebase:firebase-messaging:23.1.1] AndroidManifest.xml:55:13-57:85
156                android:name="com.google.firebase.components:com.google.firebase.messaging.FirebaseMessagingRegistrar"
156-->[com.google.firebase:firebase-messaging:23.1.1] AndroidManifest.xml:56:17-119
157                android:value="com.google.firebase.components.ComponentRegistrar" />
157-->[com.google.firebase:firebase-messaging:23.1.1] AndroidManifest.xml:57:17-82
158            <meta-data
158-->[com.google.firebase:firebase-datatransport:18.1.7] AndroidManifest.xml:27:13-29:85
159                android:name="com.google.firebase.components:com.google.firebase.datatransport.TransportRegistrar"
159-->[com.google.firebase:firebase-datatransport:18.1.7] AndroidManifest.xml:28:17-115
160                android:value="com.google.firebase.components.ComponentRegistrar" />
160-->[com.google.firebase:firebase-datatransport:18.1.7] AndroidManifest.xml:29:17-82
161            <meta-data
161-->[com.google.firebase:firebase-installations:17.1.0] AndroidManifest.xml:17:13-19:85
162                android:name="com.google.firebase.components:com.google.firebase.installations.FirebaseInstallationsRegistrar"
162-->[com.google.firebase:firebase-installations:17.1.0] AndroidManifest.xml:18:17-127
163                android:value="com.google.firebase.components.ComponentRegistrar" />
163-->[com.google.firebase:firebase-installations:17.1.0] AndroidManifest.xml:19:17-82
164        </service>
165
166        <activity
166-->[com.google.firebase:firebase-auth:21.1.0] AndroidManifest.xml:27:9-44:20
167            android:name="com.google.firebase.auth.internal.GenericIdpActivity"
167-->[com.google.firebase:firebase-auth:21.1.0] AndroidManifest.xml:28:13-80
168            android:excludeFromRecents="true"
168-->[com.google.firebase:firebase-auth:21.1.0] AndroidManifest.xml:29:13-46
169            android:exported="true"
169-->[com.google.firebase:firebase-auth:21.1.0] AndroidManifest.xml:30:13-36
170            android:launchMode="singleTask"
170-->[com.google.firebase:firebase-auth:21.1.0] AndroidManifest.xml:31:13-44
171            android:theme="@android:style/Theme.Translucent.NoTitleBar" >
171-->[com.google.firebase:firebase-auth:21.1.0] AndroidManifest.xml:32:13-72
172            <intent-filter>
172-->[com.google.firebase:firebase-auth:21.1.0] AndroidManifest.xml:33:13-43:29
173                <action android:name="android.intent.action.VIEW" />
173-->[com.google.firebase:firebase-auth:21.1.0] AndroidManifest.xml:34:17-69
173-->[com.google.firebase:firebase-auth:21.1.0] AndroidManifest.xml:34:25-66
174
175                <category android:name="android.intent.category.DEFAULT" />
175-->[com.google.firebase:firebase-auth:21.1.0] AndroidManifest.xml:36:17-76
175-->[com.google.firebase:firebase-auth:21.1.0] AndroidManifest.xml:36:27-73
176                <category android:name="android.intent.category.BROWSABLE" />
176-->[com.google.firebase:firebase-auth:21.1.0] AndroidManifest.xml:37:17-78
176-->[com.google.firebase:firebase-auth:21.1.0] AndroidManifest.xml:37:27-75
177
178                <data
178-->[com.google.firebase:firebase-auth:21.1.0] AndroidManifest.xml:39:17-42:51
179                    android:host="firebase.auth"
179-->[com.google.firebase:firebase-auth:21.1.0] AndroidManifest.xml:40:21-49
180                    android:path="/"
180-->[com.google.firebase:firebase-auth:21.1.0] AndroidManifest.xml:41:21-37
181                    android:scheme="genericidp" />
181-->[com.google.firebase:firebase-auth:21.1.0] AndroidManifest.xml:42:21-48
182            </intent-filter>
183        </activity>
184        <activity
184-->[com.google.firebase:firebase-auth:21.1.0] AndroidManifest.xml:45:9-62:20
185            android:name="com.google.firebase.auth.internal.RecaptchaActivity"
185-->[com.google.firebase:firebase-auth:21.1.0] AndroidManifest.xml:46:13-79
186            android:excludeFromRecents="true"
186-->[com.google.firebase:firebase-auth:21.1.0] AndroidManifest.xml:47:13-46
187            android:exported="true"
187-->[com.google.firebase:firebase-auth:21.1.0] AndroidManifest.xml:48:13-36
188            android:launchMode="singleTask"
188-->[com.google.firebase:firebase-auth:21.1.0] AndroidManifest.xml:49:13-44
189            android:theme="@android:style/Theme.Translucent.NoTitleBar" >
189-->[com.google.firebase:firebase-auth:21.1.0] AndroidManifest.xml:50:13-72
190            <intent-filter>
190-->[com.google.firebase:firebase-auth:21.1.0] AndroidManifest.xml:51:13-61:29
191                <action android:name="android.intent.action.VIEW" />
191-->[com.google.firebase:firebase-auth:21.1.0] AndroidManifest.xml:34:17-69
191-->[com.google.firebase:firebase-auth:21.1.0] AndroidManifest.xml:34:25-66
192
193                <category android:name="android.intent.category.DEFAULT" />
193-->[com.google.firebase:firebase-auth:21.1.0] AndroidManifest.xml:36:17-76
193-->[com.google.firebase:firebase-auth:21.1.0] AndroidManifest.xml:36:27-73
194                <category android:name="android.intent.category.BROWSABLE" />
194-->[com.google.firebase:firebase-auth:21.1.0] AndroidManifest.xml:37:17-78
194-->[com.google.firebase:firebase-auth:21.1.0] AndroidManifest.xml:37:27-75
195
196                <data
196-->[com.google.firebase:firebase-auth:21.1.0] AndroidManifest.xml:39:17-42:51
197                    android:host="firebase.auth"
197-->[com.google.firebase:firebase-auth:21.1.0] AndroidManifest.xml:40:21-49
198                    android:path="/"
198-->[com.google.firebase:firebase-auth:21.1.0] AndroidManifest.xml:41:21-37
199                    android:scheme="recaptcha" />
199-->[com.google.firebase:firebase-auth:21.1.0] AndroidManifest.xml:42:21-48
200            </intent-filter>
201        </activity>
202
203        <receiver
203-->[com.google.firebase:firebase-messaging:23.1.1] AndroidManifest.xml:31:9-38:20
204            android:name="com.google.firebase.iid.FirebaseInstanceIdReceiver"
204-->[com.google.firebase:firebase-messaging:23.1.1] AndroidManifest.xml:32:13-78
205            android:exported="true"
205-->[com.google.firebase:firebase-messaging:23.1.1] AndroidManifest.xml:33:13-36
206            android:permission="com.google.android.c2dm.permission.SEND" >
206-->[com.google.firebase:firebase-messaging:23.1.1] AndroidManifest.xml:34:13-73
207            <intent-filter>
207-->[com.google.firebase:firebase-messaging:23.1.1] AndroidManifest.xml:35:13-37:29
208                <action android:name="com.google.android.c2dm.intent.RECEIVE" />
208-->[com.google.firebase:firebase-messaging:23.1.1] AndroidManifest.xml:36:17-81
208-->[com.google.firebase:firebase-messaging:23.1.1] AndroidManifest.xml:36:25-78
209            </intent-filter>
210        </receiver>
211        <!--
212             FirebaseMessagingService performs security checks at runtime,
213             but set to not exported to explicitly avoid allowing another app to call it.
214        -->
215        <service
215-->[com.google.firebase:firebase-messaging:23.1.1] AndroidManifest.xml:44:9-51:19
216            android:name="com.google.firebase.messaging.FirebaseMessagingService"
216-->[com.google.firebase:firebase-messaging:23.1.1] AndroidManifest.xml:45:13-82
217            android:directBootAware="true"
217-->[com.google.firebase:firebase-messaging:23.1.1] AndroidManifest.xml:46:13-43
218            android:exported="false" >
218-->[com.google.firebase:firebase-messaging:23.1.1] AndroidManifest.xml:47:13-37
219            <intent-filter android:priority="-500" >
219-->[com.google.firebase:firebase-messaging:23.1.1] AndroidManifest.xml:48:13-50:29
219-->[com.google.firebase:firebase-messaging:23.1.1] AndroidManifest.xml:48:28-51
220                <action android:name="com.google.firebase.MESSAGING_EVENT" />
220-->[com.google.firebase:firebase-messaging:23.1.1] AndroidManifest.xml:49:17-78
220-->[com.google.firebase:firebase-messaging:23.1.1] AndroidManifest.xml:49:25-75
221            </intent-filter>
222        </service>
223
224        <provider
224-->[com.google.firebase:firebase-common:20.2.0] AndroidManifest.xml:25:9-30:39
225            android:name="com.google.firebase.provider.FirebaseInitProvider"
225-->[com.google.firebase:firebase-common:20.2.0] AndroidManifest.xml:26:13-77
226            android:authorities="com.enalymounioz.albedo.firebaseinitprovider"
226-->[com.google.firebase:firebase-common:20.2.0] AndroidManifest.xml:27:13-72
227            android:directBootAware="true"
227-->[com.google.firebase:firebase-common:20.2.0] AndroidManifest.xml:28:13-43
228            android:exported="false"
228-->[com.google.firebase:firebase-common:20.2.0] AndroidManifest.xml:29:13-37
229            android:initOrder="100" />
229-->[com.google.firebase:firebase-common:20.2.0] AndroidManifest.xml:30:13-36
230
231        <activity
231-->[com.google.android.gms:play-services-base:18.0.1] AndroidManifest.xml:20:9-22:45
232            android:name="com.google.android.gms.common.api.GoogleApiActivity"
232-->[com.google.android.gms:play-services-base:18.0.1] AndroidManifest.xml:20:19-85
233            android:exported="false"
233-->[com.google.android.gms:play-services-base:18.0.1] AndroidManifest.xml:22:19-43
234            android:theme="@android:style/Theme.Translucent.NoTitleBar" />
234-->[com.google.android.gms:play-services-base:18.0.1] AndroidManifest.xml:21:19-78
235
236        <meta-data
236-->[com.google.android.gms:play-services-basement:18.1.0] AndroidManifest.xml:21:9-23:69
237            android:name="com.google.android.gms.version"
237-->[com.google.android.gms:play-services-basement:18.1.0] AndroidManifest.xml:22:13-58
238            android:value="@integer/google_play_services_version" />
238-->[com.google.android.gms:play-services-basement:18.1.0] AndroidManifest.xml:23:13-66
239
240        <provider
240-->[androidx.emoji2:emoji2:1.2.0] AndroidManifest.xml:24:9-32:20
241            android:name="androidx.startup.InitializationProvider"
241-->[androidx.emoji2:emoji2:1.2.0] AndroidManifest.xml:25:13-67
242            android:authorities="com.enalymounioz.albedo.androidx-startup"
242-->[androidx.emoji2:emoji2:1.2.0] AndroidManifest.xml:26:13-68
243            android:exported="false" >
243-->[androidx.emoji2:emoji2:1.2.0] AndroidManifest.xml:27:13-37
244            <meta-data
244-->[androidx.emoji2:emoji2:1.2.0] AndroidManifest.xml:29:13-31:52
245                android:name="androidx.emoji2.text.EmojiCompatInitializer"
245-->[androidx.emoji2:emoji2:1.2.0] AndroidManifest.xml:30:17-75
246                android:value="androidx.startup" />
246-->[androidx.emoji2:emoji2:1.2.0] AndroidManifest.xml:31:17-49
247            <meta-data
247-->[androidx.lifecycle:lifecycle-process:2.4.1] AndroidManifest.xml:31:13-33:52
248                android:name="androidx.lifecycle.ProcessLifecycleInitializer"
248-->[androidx.lifecycle:lifecycle-process:2.4.1] AndroidManifest.xml:32:17-78
249                android:value="androidx.startup" />
249-->[androidx.lifecycle:lifecycle-process:2.4.1] AndroidManifest.xml:33:17-49
250        </provider>
251
252        <service
252-->[com.google.android.datatransport:transport-backend-cct:3.1.8] AndroidManifest.xml:28:9-34:19
253            android:name="com.google.android.datatransport.runtime.backends.TransportBackendDiscovery"
253-->[com.google.android.datatransport:transport-backend-cct:3.1.8] AndroidManifest.xml:29:13-103
254            android:exported="false" >
254-->[com.google.android.datatransport:transport-backend-cct:3.1.8] AndroidManifest.xml:30:13-37
255            <meta-data
255-->[com.google.android.datatransport:transport-backend-cct:3.1.8] AndroidManifest.xml:31:13-33:39
256                android:name="backend:com.google.android.datatransport.cct.CctBackendFactory"
256-->[com.google.android.datatransport:transport-backend-cct:3.1.8] AndroidManifest.xml:32:17-94
257                android:value="cct" />
257-->[com.google.android.datatransport:transport-backend-cct:3.1.8] AndroidManifest.xml:33:17-36
258        </service>
259        <service
259-->[com.google.android.datatransport:transport-runtime:3.1.8] AndroidManifest.xml:26:9-30:19
260            android:name="com.google.android.datatransport.runtime.scheduling.jobscheduling.JobInfoSchedulerService"
260-->[com.google.android.datatransport:transport-runtime:3.1.8] AndroidManifest.xml:27:13-117
261            android:exported="false"
261-->[com.google.android.datatransport:transport-runtime:3.1.8] AndroidManifest.xml:28:13-37
262            android:permission="android.permission.BIND_JOB_SERVICE" >
262-->[com.google.android.datatransport:transport-runtime:3.1.8] AndroidManifest.xml:29:13-69
263        </service>
264
265        <receiver
265-->[com.google.android.datatransport:transport-runtime:3.1.8] AndroidManifest.xml:32:9-34:40
266            android:name="com.google.android.datatransport.runtime.scheduling.jobscheduling.AlarmManagerSchedulerBroadcastReceiver"
266-->[com.google.android.datatransport:transport-runtime:3.1.8] AndroidManifest.xml:33:13-132
267            android:exported="false" />
267-->[com.google.android.datatransport:transport-runtime:3.1.8] AndroidManifest.xml:34:13-37
268    </application>
269
270</manifest>